[design-vary-312059.framer.app/index.html]
[backblue.gif]
[fade.gif]
[index.html]
[framerusercontent.com/sites/7A4a0iHQYhRcRP4wfjx7Oo/chunk-ICHDP6ER.mjs]
[framerusercontent.com/sites/7A4a0iHQYhRcRP4wfjx7Oo/chunk-ELYU6EKT.mjs]
[framerusercontent.com/sites/7A4a0iHQYhRcRP4wfjx7Oo/chunk-BLFZ7YI2.mjs]
[framerusercontent.com/sites/7A4a0iHQYhRcRP4wfjx7Oo/pVkpmPZDTpvkNjSKf4__UyxkbPV5jtR8HQzmgGElDtQ.HI46FO3W.mjs]
[framerusercontent.com/sites/7A4a0iHQYhRcRP4wfjx7Oo/chunk-4HTJQVRE.mjs]
[framerusercontent.com/sites/7A4a0iHQYhRcRP4wfjx7Oo/chunk-AN5UTQEE.mjs]
[framerusercontent.com/sites/7A4a0iHQYhRcRP4wfjx7Oo/chunk-6IADQ7EP.mjs]
[framerusercontent.com/sites/7A4a0iHQYhRcRP4wfjx7Oo/chunk-ZF3DPUL7.mjs]
[framerusercontent.com/sites/7A4a0iHQYhRcRP4wfjx7Oo/chunk-VYQSLMUZ.mjs]
[framerusercontent.com/sites/7A4a0iHQYhRcRP4wfjx7Oo/chunk-42U43NKG.mjs]
[framerusercontent.com/images/l8LdhgXExSAuhRffFlTsOLwXFyg.png]
[design-vary-312059.framer.app/index.html]
[fonts.gstatic.com/index.html]
[design-vary-312059.framer.app/photos.html]
[design-vary-312059.framer.app/writing.html]
[framerusercontent.com/sites/7A4a0iHQYhRcRP4wfjx7Oo/chunk-AN5UTQEE.html]
[framerusercontent.com/sites/7A4a0iHQYhRcRP4wfjx7Oo/chunk-6IADQ7EP.html]
[design-vary-312059.framer.app/stuff.html]
[framerusercontent.com/sites/7A4a0iHQYhRcRP4wfjx7Oo/chunk-NDREUNA5.mjs]
[framerusercontent.com/sites/7A4a0iHQYhRcRP4wfjx7Oo/zbhou2kVBMiqlnhAHLnBgcuF_Yx_ZOrRL2k8WqUMti0.TM3RXI6N.mjs]
[design-vary-312059.framer.app/photos.html]
[framerusercontent.com/sites/7A4a0iHQYhRcRP4wfjx7Oo/zsyWL7ov_uShP4dRMp6gPdKeW7VNiksvrTnNzI19nNc.RHDMHTON.mjs]
[framerusercontent.com/sites/7A4a0iHQYhRcRP4wfjx7Oo/chunk-TVCSRL3J.mjs]
[design-vary-312059.framer.app/writing.html]
[framerusercontent.com/sites/7A4a0iHQYhRcRP4wfjx7Oo/chunk-NJNM4WGR.mjs]
[design-vary-312059.framer.app/writing/sin-titulo-sin-nombre.html]
[design-vary-312059.framer.app/writing/los-indolentes-del-mundial.html]
[framerusercontent.com/sites/7A4a0iHQYhRcRP4wfjx7Oo/uxUO2NPdUUrNL6PJgMCX11b_kJBfkyZFhtWj4OUKajo.6WYB7FHG.mjs]
[design-vary-312059.framer.app/writing/el-miedo-del-qué-dirán.html]
[design-vary-312059.framer.app/writing/30-poems-about-life.html]
[design-vary-312059.framer.app/stuff.html]
[framerusercontent.com/sites/7A4a0iHQYhRcRP4wfjx7Oo/chunk-HXUEYRL6.mjs]
[design-vary-312059.framer.app/writing/menos-eventos-mas-trabajo.html]
[design-vary-312059.framer.app/writing/la-cruel-realidad-de-la-startups.html]
[framerusercontent.com/sites/7A4a0iHQYhRcRP4wfjx7Oo/chunk-SLDJJE3P.mjs]
[framerusercontent.com/sites/7A4a0iHQYhRcRP4wfjx7Oo/chunk-NDREUNA5.html]
[design-vary-312059.framer.app/writing/30-poems-about-life.html]
[framerusercontent.com/sites/7A4a0iHQYhRcRP4wfjx7Oo/MxA2ZLc8ObF6XnUBGdUpkWazJ6deGhVNSda1mOExZRg.7A7QTLVH.mjs]
[framerusercontent.com/sites/7A4a0iHQYhRcRP4wfjx7Oo/chunk-IJT2HA7O.mjs]
[design-vary-312059.framer.app/writing/mama.html]
[design-vary-312059.framer.app/writing/de-que-seria.html]
[framerusercontent.com/sites/7A4a0iHQYhRcRP4wfjx7Oo/LzkGJ-La8SCKBJXSsL9lszNwhpzBhoHn_DZhbqDdm4M.DTA3DQS2.mjs]
[framerusercontent.com/sites/7A4a0iHQYhRcRP4wfjx7Oo/chunk-3WPE6LGB.mjs]
[design-vary-312059.framer.app/writing/sin-las.html]
[design-vary-312059.framer.app/writing/matematicas.html]
[design-vary-312059.framer.app/writing/sin-titulo-sin-nombre.html]
[design-vary-312059.framer.app/writing/el-alma.html]
[design-vary-312059.framer.app/writing/los-indolentes-del-mundial.html]
[design-vary-312059.framer.app/writing/que-idiota.html]
[design-vary-312059.framer.app/writing/acabo.html]
[design-vary-312059.framer.app/writing/por-que.html]
[design-vary-312059.framer.app/writing/el-amor-murio.html]
[framerusercontent.com/modules/yIziVwvcsa0b7IWCPLG5/TbVC2wPn4mgRcKSgapYm/zkIBt5ydM.js]
[design-vary-312059.framer.app/writing/el-miedo-del-qué-dirán.html]
[design-vary-312059.framer.app/writing/con-ella.html]
[design-vary-312059.framer.app/writing/menos-eventos-mas-trabajo.html]
[design-vary-312059.framer.app/writing/una-enfermedad.html]
[design-vary-312059.framer.app/writing/la-cruel-realidad-de-la-startups.html]
[design-vary-312059.framer.app/writing/poema.html]
[design-vary-312059.framer.app/writing/una-cancion-de-salsa.html]
[design-vary-312059.framer.app/writing/mama.html]
[design-vary-312059.framer.app/writing/nunca.html]
[design-vary-312059.framer.app/writing/de-que-seria.html]
[design-vary-312059.framer.app/writing/lluvia.html]
[design-vary-312059.framer.app/writing/el-alma.html]
[design-vary-312059.framer.app/writing/presencia.html]
[design-vary-312059.framer.app/writing/testigo.html]
[design-vary-312059.framer.app/writing/sin-las.html]
[design-vary-312059.framer.app/writing/receta.html]
[design-vary-312059.framer.app/writing/matematicas.html]
[design-vary-312059.framer.app/writing/cura.html]
[design-vary-312059.framer.app/writing/que-idiota.html]
[design-vary-312059.framer.app/writing/tiempo.html]
[design-vary-312059.framer.app/writing/perdido.html]
[design-vary-312059.framer.app/writing/el-amor-murio.html]
[design-vary-312059.framer.app/writing/ciencia.html]
[design-vary-312059.framer.app/writing/acabo.html]
[design-vary-312059.framer.app/writing/dualidad.html]
[design-vary-312059.framer.app/writing/por-que.html]
[design-vary-312059.framer.app/writing/rico.html]
[design-vary-312059.framer.app/writing/una-enfermedad.html]
[design-vary-312059.framer.app/writing/mente-y-alma.html]
[design-vary-312059.framer.app/writing/con-ella.html]
[design-vary-312059.framer.app/writing/perdon.html]
[design-vary-312059.framer.app/writing/poema.html]
[design-vary-312059.framer.app/writing/te-amo.html]
[design-vary-312059.framer.app/writing/una-cancion-de-salsa.html]
[design-vary-312059.framer.app/writing/nunca.html]
[design-vary-312059.framer.app/writing/lluvia.html]
[design-vary-312059.framer.app/writing/testigo.html]
[design-vary-312059.framer.app/writing/presencia.html]
[design-vary-312059.framer.app/writing/receta.html]
[design-vary-312059.framer.app/writing/cura.html]
[design-vary-312059.framer.app/writing/perdido.html]
[design-vary-312059.framer.app/writing/tiempo.html]
[design-vary-312059.framer.app/writing/rico.html]
[design-vary-312059.framer.app/writing/mente-y-alma.html]
[design-vary-312059.framer.app/writing/ciencia.html]
[design-vary-312059.framer.app/writing/perdon.html]
[design-vary-312059.framer.app/writing/dualidad.html]
[design-vary-312059.framer.app/writing/hoy.html]
[design-vary-312059.framer.app/writing/hoy.html]
[design-vary-312059.framer.app/writing/te-amo.html]
[design-vary-312059.framer.app/writing/lo-que-poseo.html]
[design-vary-312059.framer.app/writing/poeta.html]
[design-vary-312059.framer.app/writing/poeta.html]
[design-vary-312059.framer.app/writing/lo-que-poseo.html]
[framerusercontent.com/sites/7A4a0iHQYhRcRP4wfjx7Oo/chunk-3WPE6LGB.html]
[framerusercontent.com/images/vxvDGJfRcbcDb0lR3lt36eNKlo.png]
[framerusercontent.com/images/qxJATkOMxUvBl5XdjT8nwQmh4.png]
[design-vary-312059.framer.app/photos.html]
[design-vary-312059.framer.app/photos.html]
[framerusercontent.com/sites/7A4a0iHQYhRcRP4wfjx7Oo/chunk-BLFZ7YI2.mjs]
[framerusercontent.com/images/c4ieUocX9iYtHeIYmNjQSPeTk.png]
[framerusercontent.com/images/dPyjLWwHaMrdwUW14HL2IZVm04.png]
[framerusercontent.com/images/5wzjbiRzxEbeO3o4DBi4Myo4c.png]
[framerusercontent.com/images/bGGhSTgtHGKOtVEEtWLGI0a5Ew.png]
[framerusercontent.com/images/AC8QnwBNSoPOG5sQf2wnHOjdmE9ae5.jpg]
[framerusercontent.com/images/dpvoaeD4RwzdRpA6LBNHo5oLI9ae5.jpg]
[framerusercontent.com/images/znJWJzBzl9cwodf2NQYyxBt1TB49ae5.jpg]
[framerusercontent.com/images/96fi2Y1s8FIjPy5Pow5rv1oBEUQ9ae5.jpg]
[framerusercontent.com/images/QSON8MC7wyo7KUOiW0GPIjQtC04a3fc.jpg]
[framerusercontent.com/images/20LxYDn03hVDtt0oHFFpSscNZ9Ua3fc.jpg]
[framerusercontent.com/images/3hggzy2sULqFaGSqcAfGPye5120.jpg]
[framerusercontent.com/images/fwAmV1nvqsv5qE2fkvKkojaRfU9ae5.jpg]
[framerusercontent.com/images/CEv6WuUg8OH9KYUB7tKMtSJKCbQ9ae5.jpg]
[framerusercontent.com/images/0rgcYx6JKDbPILCBxRUz0BRjs9ae5.jpg]
[framerusercontent.com/images/T0dd3ORcsjrGnmgifKOzoXgFqJ89ae5.jpg]
[framerusercontent.com/sites/7A4a0iHQYhRcRP4wfjx7Oo/chunk-ELYU6EKT.mjs]
[framerusercontent.com/images/xyFzd4qQ0iyAjxaUZ32c7Qn1X89ae5.jpg]
[framerusercontent.com/images/3iHShhJq8wVxhPi479kL01zMNI9ae5.jpg]
[framerusercontent.com/images/QsyZ0zTUAl3VRc5d1tHGQWj0bs9ae5.jpg]
[framerusercontent.com/images/niGoRqqlycT1k5GsujlNAQlok9ae5.jpg]
[framerusercontent.com/sites/7A4a0iHQYhRcRP4wfjx7Oo/zsyWL7ov_uShP4dRMp6gPdKeW7VNiksvrTnNzI19nNc.RHDMHTON.mjs]
[framerusercontent.com/sites/7A4a0iHQYhRcRP4wfjx7Oo/chunk-NJNM4WGR.mjs]
[framerusercontent.com/sites/7A4a0iHQYhRcRP4wfjx7Oo/uxUO2NPdUUrNL6PJgMCX11b_kJBfkyZFhtWj4OUKajo.6WYB7FHG.mjs]
[framerusercontent.com/sites/7A4a0iHQYhRcRP4wfjx7Oo/chunk-AN5UTQEE.html]
[design-vary-312059.framer.app/writing/30-poems-about-life.html]
[design-vary-312059.framer.app/writing/30-poems-about-life.html]
[design-vary-312059.framer.app/writing/mama.html]
[design-vary-312059.framer.app/writing/mama.html]
[framerusercontent.com/sites/7A4a0iHQYhRcRP4wfjx7Oo/chunk-HXUEYRL6.mjs]
[framerusercontent.com/images/pI33Q2AVoigXqOEJXpiLWwvcxp0.jpg]
[framerusercontent.com/images/DAwfJMGmKcQ9dmFkJHr1ZQsS0I.png]
[framerusercontent.com/images/GCmTs69OcS9gGWcv51ZNQCxi2mU.jpg]
[framerusercontent.com/images/KwTMOUEAwoh4mcSsrxljqE2TVGw.jpg]
[framerusercontent.com/images/3iHShhJq8wVxhPi479kL01zMNI.jpg]
[framerusercontent.com/images/rXFADi8fDoMLPvXycuvwQHCcuAk.png]
[framerusercontent.com/images/lEZTiOTaWM6TIzhTZOqFNlqdfFo.jpg]
[framerusercontent.com/images/rjpaxlaPzCtcHEz1HC97NpDN5E.jpg]
[framerusercontent.com/images/mt7mLOVveayDHXdYkmXey1d2PE.jpg]
[design-vary-312059.framer.app/writing/el-amor-murio.html]
[design-vary-312059.framer.app/writing/el-amor-murio.html]
[design-vary-312059.framer.app/writing/acabo.html]
[design-vary-312059.framer.app/writing/acabo.html]
[framerusercontent.com/images/p2tZKT55GUqXG1rmOPGGJwoII.jpg]
[design-vary-312059.framer.app/writing/por-que.html]
[design-vary-312059.framer.app/writing/por-que.html]
[design-vary-312059.framer.app/writing/una-enfermedad.html]
[design-vary-312059.framer.app/writing/una-enfermedad.html]
[design-vary-312059.framer.app/writing/con-ella.html]
[framerusercontent.com/images/VuGd9oI8qgxlJCQpnwXNoI2E.jpg]
[design-vary-312059.framer.app/writing/con-ella.html]
[framerusercontent.com/images/oBlZL8s8nECEKK5R7PENs3Jwho.jpg]
[framerusercontent.com/images/phjPLDOMBJyzkRLUBGKXzJBBn8Y.jpg]
[framerusercontent.com/images/uYAZOiQPuKI7ZC4NrX28RovGMBc.jpg]
[design-vary-312059.framer.app/writing/nunca.html]
[design-vary-312059.framer.app/writing/nunca.html]
[framerusercontent.com/images/zPsJXu6wrs77SRmduJ7pHNuxoXM.jpg]
[framerusercontent.com/images/KNAAOVk9xLqZfUb2v6t5W5UWFE.jpg]
[framerusercontent.com/images/8V2uYfBiqU7rFnAxaDkK3oZcU.jpg]
[framerusercontent.com/images/xbaKDs2oThpDFlQtFrItzOVyU.jpg]
[framerusercontent.com/images/TcDW6mM2CmXsv6jxxaOKtci3Y94.png]
[framerusercontent.com/images/6YCu8oaFIM3XGThWneAqIWx8g8.jpg]
[framerusercontent.com/images/fCwY2MFdjXWmjlbW7GLGGgPzqo.jpg]
[framerusercontent.com/images/Tx1NZIowD5U1VBRcFFcOFSZKM.jpg]
[design-vary-312059.framer.app/writing/receta.html]
[design-vary-312059.framer.app/writing/receta.html]
[design-vary-312059.framer.app/writing/cura.html]
[design-vary-312059.framer.app/writing/cura.html]
[design-vary-312059.framer.app/writing/perdido.html]
[design-vary-312059.framer.app/writing/perdido.html]
[design-vary-312059.framer.app/writing/tiempo.html]
[design-vary-312059.framer.app/writing/tiempo.html]
[framerusercontent.com/images/HKRhjFDezYYTXIsOl9ENTonFj4.jpg]
[framerusercontent.com/images/IafuUgd51EExmxaXyGbmAZzjL8Q.jpg]
[framerusercontent.com/images/xkG0UCHjEFSQufLV3LuHaGCAdI.jpg]
[framerusercontent.com/images/0PsK2GsxUV8pvUGMjhwZ7WpeU.jpg]
[framerusercontent.com/images/gG6vQzZrgICYi13j4kzH4mjSvQ.jpg]
[framerusercontent.com/images/MdigfX7FboESmQW8MPRkgl7MviM.jpg]
[framerusercontent.com/images/QLlveGLfqDwqJXNtVTGfD52vyRc.jpg]
[framerusercontent.com/sites/7A4a0iHQYhRcRP4wfjx7Oo/chunk-TVCSRL3J.mjs]
[framerusercontent.com/images/p2VWHJj1uAc8moaNDHAmb1SIU.jpg]
[framerusercontent.com/sites/7A4a0iHQYhRcRP4wfjx7Oo/LzkGJ-La8SCKBJXSsL9lszNwhpzBhoHn_DZhbqDdm4M.DTA3DQS2.mjs]
[framerusercontent.com/sites/7A4a0iHQYhRcRP4wfjx7Oo/chunk-3WPE6LGB.html]
[framerusercontent.com/images/a90RlmpHNhUP0EKogn3RpoZrg4.png]
[framerusercontent.com/sites/7A4a0iHQYhRcRP4wfjx7Oo/chunk-SLDJJE3P.mjs]
[framerusercontent.com/images/OHC3n5QICcun9GmhbM4vSlUrMw.png]
[framerusercontent.com/images/fTkZIb7Iv4dAd9xvmthCfZnv3s.png]
[ga.jspm.io/npm_es-module-shims@1.6.3/dist/es-module-shims.js]
[framerusercontent.com/modules/yIziVwvcsa0b7IWCPLG5/TbVC2wPn4mgRcKSgapYm/zkIBt5ydM.js]
[framerusercontent.com/modules/GZt4hXfqqFJiyhTSftMG/3H9cHcSeaxsUoQOmRhUG/MOSwCGwxw.js]
[framerusercontent.com/modules/QtidQ12XkUJFcvX43BRA/NhNgYwyJBHDyhjT25qSO/HeW7GCIiI.js]
[framerusercontent.com/modules/MLfvQwVooQCGWiKa3dRT/JKGbmSgn4BVSIszcRiWE/oK3U3LQLw.js]
[framerusercontent.com/modules/wLzpeSCdAVQiz8OnXF1i/EtqJeLTwXZEQCSvXDszm/oaXNT11ol.js]
[framerusercontent.com/modules/uewQKs1ujWRoFrqF8ndW/whhot8SVxIjvekGH3nYd/PH2AEMnrH.js]
[framerusercontent.com/modules/wlHTcMoXe4Gg9MwTcIaw/XolDBhELoWiSpjrqSK3N/sgNyCNR3v.js]
[design-vary-312059.framer.app/writing/rico.html]
[design-vary-312059.framer.app/writing/rico.html]
[design-vary-312059.framer.app/writing/mente-y-alma.html]
[design-vary-312059.framer.app/writing/mente-y-alma.html]
[design-vary-312059.framer.app/writing/ciencia.html]
[design-vary-312059.framer.app/writing/ciencia.html]
[design-vary-312059.framer.app/writing/perdon.html]
[design-vary-312059.framer.app/writing/perdon.html]
[design-vary-312059.framer.app/writing/dualidad.html]
[design-vary-312059.framer.app/writing/dualidad.html]
[design-vary-312059.framer.app/writing/hoy.html]
[design-vary-312059.framer.app/writing/hoy.html]
[design-vary-312059.framer.app/writing/te-amo.html]
[design-vary-312059.framer.app/writing/te-amo.html]
[design-vary-312059.framer.app/writing/poeta.html]
[design-vary-312059.framer.app/writing/poeta.html]
[design-vary-312059.framer.app/writing/lo-que-poseo.html]
[design-vary-312059.framer.app/writing/lo-que-poseo.html]
[framerusercontent.com/sites/7A4a0iHQYhRcRP4wfjx7Oo/chunk-3WPE6LGB.html]
